[2022-04-07 07:31:43] local.ERROR: SQLSTATE[23000]: Integrity constraint violation: 1048 Column 'user' cannot be null (SQL: insert into `transactions` (`user`, `montant`, `reference`, `id_devise`, `id_eg`, `id_off`, `id_paiement`, `date_t`, `date_ts`) values (?, 375, rDgVt, USD, 8, 9, 2, 2022-04-07, 07:31:42)) {"exception":"[object] (Illuminate\\Database\\QueryException(code: 23000): SQLSTATE[23000]: Integrity constraint violation: 1048 Column 'user' cannot be null (SQL: insert into `transactions` (`user`, `montant`, `reference`, `id_devise`, `id_eg`, `id_off`, `id_paiement`, `date_t`, `date_ts`) values (?, 375, rDgVt, USD, 8, 9, 2, 2022-04-07, 07:31:42)) at /home/u333122526/domains/frobill.cloud/public_html/pay/vendor/laravel/framework/src/Illuminate/Database/Connection.php:712)
[stacktrace]
#0 /home/u333122526/domains/frobill.cloud/public_html/pay/vendor/laravel/framework/src/Illuminate/Database/Connection.php(672): Illuminate\\Database\\Connection->runQueryCallback()
#1 /home/u333122526/domains/frobill.cloud/public_html/pay/vendor/laravel/framework/src/Illuminate/Database/Connection.php(502): Illuminate\\Database\\Connection->run()
#2 /home/u333122526/domains/frobill.cloud/public_html/pay/vendor/laravel/framework/src/Illuminate/Database/Connection.php(454): Illuminate\\Database\\Connection->statement()
#3 /home/u333122526/domains/frobill.cloud/public_html/pay/vendor/laravel/framework/src/Illuminate/Database/Query/Processors/Processor.php(32): Illuminate\\Database\\Connection->insert()
#4 /home/u333122526/domains/frobill.cloud/public_html/pay/vendor/laravel/framework/src/Illuminate/Database/Query/Builder.php(3028): Illuminate\\Database\\Query\\Processors\\Processor->processInsertGetId()
#5 /home/u333122526/domains/frobill.cloud/public_html/pay/vendor/laravel/framework/src/Illuminate/Database/Eloquent/Builder.php(1655): Illuminate\\Database\\Query\\Builder->insertGetId()
#6 /home/u333122526/domains/frobill.cloud/public_html/pay/vendor/laravel/framework/src/Illuminate/Database/Eloquent/Model.php(1188): Illuminate\\Database\\Eloquent\\Builder->__call()
#7 /home/u333122526/domains/frobill.cloud/public_html/pay/vendor/laravel/framework/src/Illuminate/Database/Eloquent/Model.php(1153): Illuminate\\Database\\Eloquent\\Model->insertAndSetId()
#8 /home/u333122526/domains/frobill.cloud/public_html/pay/vendor/laravel/framework/src/Illuminate/Database/Eloquent/Model.php(994): Illuminate\\Database\\Eloquent\\Model->performInsert()
#9 /home/u333122526/domains/frobill.cloud/public_html/pay/vendor/laravel/framework/src/Illuminate/Database/Eloquent/Builder.php(894): Illuminate\\Database\\Eloquent\\Model->save()
#10 /home/u333122526/domains/frobill.cloud/public_html/pay/vendor/laravel/framework/src/Illuminate/Support/helpers.php(263): Illuminate\\Database\\Eloquent\\Builder->Illuminate\\Database\\Eloquent\\{closure}()
#11 /home/u333122526/domains/frobill.cloud/public_html/pay/vendor/laravel/framework/src/Illuminate/Database/Eloquent/Builder.php(895): tap()
#12 /home/u333122526/domains/frobill.cloud/public_html/pay/vendor/laravel/framework/src/Illuminate/Support/Traits/ForwardsCalls.php(23): Illuminate\\Database\\Eloquent\\Builder->create()
#13 /home/u333122526/domains/frobill.cloud/public_html/pay/vendor/laravel/framework/src/Illuminate/Database/Eloquent/Model.php(2132): Illuminate\\Database\\Eloquent\\Model->forwardCallTo()
#14 /home/u333122526/domains/frobill.cloud/public_html/pay/vendor/laravel/framework/src/Illuminate/Database/Eloquent/Model.php(2144): Illuminate\\Database\\Eloquent\\Model->__call()
#15 /home/u333122526/domains/frobill.cloud/public_html/pay/app/Http/Controllers/Ctradmin.php(420): Illuminate\\Database\\Eloquent\\Model::__callStatic()
#16 /home/u333122526/domains/frobill.cloud/public_html/pay/vendor/laravel/framework/src/Illuminate/Routing/Controller.php(54): App\\Http\\Controllers\\Ctradmin->approve_url()
#17 /home/u333122526/domains/frobill.cloud/public_html/pay/vendor/laravel/framework/src/Illuminate/Routing/ControllerDispatcher.php(45): Illuminate\\Routing\\Controller->callAction()
#18 /home/u333122526/domains/frobill.cloud/public_html/pay/vendor/laravel/framework/src/Illuminate/Routing/Route.php(262): Illuminate\\Routing\\ControllerDispatcher->dispatch()
#19 /home/u333122526/domains/frobill.cloud/public_html/pay/vendor/laravel/framework/src/Illuminate/Routing/Route.php(205): Illuminate\\Routing\\Route->runController()
#20 /home/u333122526/domains/frobill.cloud/public_html/pay/vendor/laravel/framework/src/Illuminate/Routing/Router.php(721): Illuminate\\Routing\\Route->run()
#21 /home/u333122526/domains/frobill.cloud/public_html/pay/vendor/laravel/framework/src/Illuminate/Pipeline/Pipeline.php(128): Illuminate\\Routing\\Router->Illuminate\\Routing\\{closure}()
#22 /home/u333122526/domains/frobill.cloud/public_html/pay/vendor/laravel/framework/src/Illuminate/Routing/Middleware/SubstituteBindings.php(50): Illuminate\\Pipeline\\Pipeline->Illuminate\\Pipeline\\{closure}()
#23 /home/u333122526/domains/frobill.cloud/public_html/pay/vendor/laravel/framework/src/Illuminate/Pipeline/Pipeline.php(167): Illuminate\\Routing\\Middleware\\SubstituteBindings->handle()
#24 /home/u333122526/domains/frobill.cloud/public_html/pay/vendor/laravel/framework/src/Illuminate/Foundation/Http/Middleware/VerifyCsrfToken.php(78): Illuminate\\Pipeline\\Pipeline->Illuminate\\Pipeline\\{closure}()
#25 /home/u333122526/domains/frobill.cloud/public_html/pay/vendor/laravel/framework/src/Illuminate/Pipeline/Pipeline.php(167): Illuminate\\Foundation\\Http\\Middleware\\VerifyCsrfToken->handle()
#26 /home/u333122526/domains/frobill.cloud/public_html/pay/vendor/laravel/framework/src/Illuminate/View/Middleware/ShareErrorsFromSession.php(49): Illuminate\\Pipeline\\Pipeline->Illuminate\\Pipeline\\{closure}()
#27 /home/u333122526/domains/frobill.cloud/public_html/pay/vendor/laravel/framework/src/Illuminate/Pipeline/Pipeline.php(167): Illuminate\\View\\Middleware\\ShareErrorsFromSession->handle()
#28 /home/u333122526/domains/frobill.cloud/public_html/pay/vendor/laravel/framework/src/Illuminate/Session/Middleware/StartSession.php(121): Illuminate\\Pipeline\\Pipeline->Illuminate\\Pipeline\\{closure}()
#29 /home/u333122526/domains/frobill.cloud/public_html/pay/vendor/laravel/framework/src/Illuminate/Session/Middleware/StartSession.php(64): Illuminate\\Session\\Middleware\\StartSession->handleStatefulRequest()
#30 /home/u333122526/domains/frobill.cloud/public_html/pay/vendor/laravel/framework/src/Illuminate/Pipeline/Pipeline.php(167): Illuminate\\Session\\Middleware\\StartSession->handle()
#31 /home/u333122526/domains/frobill.cloud/public_html/pay/vendor/laravel/framework/src/Illuminate/Cookie/Middleware/AddQueuedCookiesToResponse.php(37): Illuminate\\Pipeline\\Pipeline->Illuminate\\Pipeline\\{closure}()
#32 /home/u333122526/domains/frobill.cloud/public_html/pay/vendor/laravel/framework/src/Illuminate/Pipeline/Pipeline.php(167): Illuminate\\Cookie\\Middleware\\AddQueuedCookiesToResponse->handle()
#33 /home/u333122526/domains/frobill.cloud/public_html/pay/vendor/laravel/framework/src/Illuminate/Cookie/Middleware/EncryptCookies.php(67): Illuminate\\Pipeline\\Pipeline->Illuminate\\Pipeline\\{closure}()
#34 /home/u333122526/domains/frobill.cloud/public_html/pay/vendor/laravel/framework/src/Illuminate/Pipeline/Pipeline.php(167): Illuminate\\Cookie\\Middleware\\EncryptCookies->handle()
#35 /home/u333122526/domains/frobill.cloud/public_html/pay/vendor/laravel/framework/src/Illuminate/Pipeline/Pipeline.php(103): Illuminate\\Pipeline\\Pipeline->Illuminate\\Pipeline\\{closure}()
#36 /home/u333122526/domains/frobill.cloud/public_html/pay/vendor/laravel/framework/src/Illuminate/Routing/Router.php(723): Illuminate\\Pipeline\\Pipeline->then()
#37 /home/u333122526/domains/frobill.cloud/public_html/pay/vendor/laravel/framework/src/Illuminate/Routing/Router.php(698): Illuminate\\Routing\\Router->runRouteWithinStack()
#38 /home/u333122526/domains/frobill.cloud/public_html/pay/vendor/laravel/framework/src/Illuminate/Routing/Router.php(662): Illuminate\\Routing\\Router->runRoute()
#39 /home/u333122526/domains/frobill.cloud/public_html/pay/vendor/laravel/framework/src/Illuminate/Routing/Router.php(651): Illuminate\\Routing\\Router->dispatchToRoute()
#40 /home/u333122526/domains/frobill.cloud/public_html/pay/vendor/laravel/framework/src/Illuminate/Foundation/Http/Kernel.php(167): Illuminate\\Routing\\Router->dispatch()
#41 /home/u333122526/domains/frobill.cloud/public_html/pay/vendor/laravel/framework/src/Illuminate/Pipeline/Pipeline.php(128): Illuminate\\Foundation\\Http\\Kernel->Illuminate\\Foundation\\Http\\{closure}()
#42 /home/u333122526/domains/frobill.cloud/public_html/pay/vendor/laravel/framework/src/Illuminate/Foundation/Http/Middleware/TransformsRequest.php(21): Illuminate\\Pipeline\\Pipeline->Illuminate\\Pipeline\\{closure}()
#43 /home/u333122526/domains/frobill.cloud/public_html/pay/vendor/laravel/framework/src/Illuminate/Foundation/Http/Middleware/ConvertEmptyStringsToNull.php(31): Illuminate\\Foundation\\Http\\Middleware\\TransformsRequest->handle()
#44 /home/u333122526/domains/frobill.cloud/public_html/pay/vendor/laravel/framework/src/Illuminate/Pipeline/Pipeline.php(167): Illuminate\\Foundation\\Http\\Middleware\\ConvertEmptyStringsToNull->handle()
#45 /home/u333122526/domains/frobill.cloud/public_html/pay/vendor/laravel/framework/src/Illuminate/Foundation/Http/Middleware/TransformsRequest.php(21): Illuminate\\Pipeline\\Pipeline->Illuminate\\Pipeline\\{closure}()
#46 /home/u333122526/domains/frobill.cloud/public_html/pay/vendor/laravel/framework/src/Illuminate/Foundation/Http/Middleware/TrimStrings.php(40): Illuminate\\Foundation\\Http\\Middleware\\TransformsRequest->handle()
#47 /home/u333122526/domains/frobill.cloud/public_html/pay/vendor/laravel/framework/src/Illuminate/Pipeline/Pipeline.php(167): Illuminate\\Foundation\\Http\\Middleware\\TrimStrings->handle()
#48 /home/u333122526/domains/frobill.cloud/public_html/pay/vendor/laravel/framework/src/Illuminate/Foundation/Http/Middleware/ValidatePostSize.php(27): Illuminate\\Pipeline\\Pipeline->Illuminate\\Pipeline\\{closure}()
#49 /home/u333122526/domains/frobill.cloud/public_html/pay/vendor/laravel/framework/src/Illuminate/Pipeline/Pipeline.php(167): Illuminate\\Foundation\\Http\\Middleware\\ValidatePostSize->handle()
#50 /home/u333122526/domains/frobill.cloud/public_html/pay/vendor/laravel/framework/src/Illuminate/Foundation/Http/Middleware/PreventRequestsDuringMaintenance.php(86): Illuminate\\Pipeline\\Pipeline->Illuminate\\Pipeline\\{closure}()
#51 /home/u333122526/domains/frobill.cloud/public_html/pay/vendor/laravel/framework/src/Illuminate/Pipeline/Pipeline.php(167): Illuminate\\Foundation\\Http\\Middleware\\PreventRequestsDuringMaintenance->handle()
#52 /home/u333122526/domains/frobill.cloud/public_html/pay/vendor/fruitcake/laravel-cors/src/HandleCors.php(38): Illuminate\\Pipeline\\Pipeline->Illuminate\\Pipeline\\{closure}()
#53 /home/u333122526/domains/frobill.cloud/public_html/pay/vendor/laravel/framework/src/Illuminate/Pipeline/Pipeline.php(167): Fruitcake\\Cors\\HandleCors->handle()
#54 /home/u333122526/domains/frobill.cloud/public_html/pay/vendor/laravel/framework/src/Illuminate/Http/Middleware/TrustProxies.php(39): Illuminate\\Pipeline\\Pipeline->Illuminate\\Pipeline\\{closure}()
#55 /home/u333122526/domains/frobill.cloud/public_html/pay/vendor/laravel/framework/src/Illuminate/Pipeline/Pipeline.php(167): Illuminate\\Http\\Middleware\\TrustProxies->handle()
#56 /home/u333122526/domains/frobill.cloud/public_html/pay/vendor/laravel/framework/src/Illuminate/Pipeline/Pipeline.php(103): Illuminate\\Pipeline\\Pipeline->Illuminate\\Pipeline\\{closure}()
#57 /home/u333122526/domains/frobill.cloud/public_html/pay/vendor/laravel/framework/src/Illuminate/Foundation/Http/Kernel.php(142): Illuminate\\Pipeline\\Pipeline->then()
#58 /home/u333122526/domains/frobill.cloud/public_html/pay/vendor/laravel/framework/src/Illuminate/Foundation/Http/Kernel.php(111): Illuminate\\Foundation\\Http\\Kernel->sendRequestThroughRouter()
#59 /home/u333122526/domains/frobill.cloud/public_html/pay/public/index.php(52): Illuminate\\Foundation\\Http\\Kernel->handle()
#60 {main}

[previous exception] [object] (PDOException(code: 23000): SQLSTATE[23000]: Integrity constraint violation: 1048 Column 'user' cannot be null at /home/u333122526/domains/frobill.cloud/public_html/pay/vendor/laravel/framework/src/Illuminate/Database/Connection.php:501)
[stacktrace]
#0 /home/u333122526/domains/frobill.cloud/public_html/pay/vendor/laravel/framework/src/Illuminate/Database/Connection.php(501): PDOStatement->execute()
#1 /home/u333122526/domains/frobill.cloud/public_html/pay/vendor/laravel/framework/src/Illuminate/Database/Connection.php(705): Illuminate\\Database\\Connection->Illuminate\\Database\\{closure}()
#2 /home/u333122526/domains/frobill.cloud/public_html/pay/vendor/laravel/framework/src/Illuminate/Database/Connection.php(672): Illuminate\\Database\\Connection->runQueryCallback()
#3 /home/u333122526/domains/frobill.cloud/public_html/pay/vendor/laravel/framework/src/Illuminate/Database/Connection.php(502): Illuminate\\Database\\Connection->run()
#4 /home/u333122526/domains/frobill.cloud/public_html/pay/vendor/laravel/framework/src/Illuminate/Database/Connection.php(454): Illuminate\\Database\\Connection->statement()
#5 /home/u333122526/domains/frobill.cloud/public_html/pay/vendor/laravel/framework/src/Illuminate/Database/Query/Processors/Processor.php(32): Illuminate\\Database\\Connection->insert()
#6 /home/u333122526/domains/frobill.cloud/public_html/pay/vendor/laravel/framework/src/Illuminate/Database/Query/Builder.php(3028): Illuminate\\Database\\Query\\Processors\\Processor->processInsertGetId()
#7 /home/u333122526/domains/frobill.cloud/public_html/pay/vendor/laravel/framework/src/Illuminate/Database/Eloquent/Builder.php(1655): Illuminate\\Database\\Query\\Builder->insertGetId()
#8 /home/u333122526/domains/frobill.cloud/public_html/pay/vendor/laravel/framework/src/Illuminate/Database/Eloquent/Model.php(1188): Illuminate\\Database\\Eloquent\\Builder->__call()
#9 /home/u333122526/domains/frobill.cloud/public_html/pay/vendor/laravel/framework/src/Illuminate/Database/Eloquent/Model.php(1153): Illuminate\\Database\\Eloquent\\Model->insertAndSetId()
#10 /home/u333122526/domains/frobill.cloud/public_html/pay/vendor/laravel/framework/src/Illuminate/Database/Eloquent/Model.php(994): Illuminate\\Database\\Eloquent\\Model->performInsert()
#11 /home/u333122526/domains/frobill.cloud/public_html/pay/vendor/laravel/framework/src/Illuminate/Database/Eloquent/Builder.php(894): Illuminate\\Database\\Eloquent\\Model->save()
#12 /home/u333122526/domains/frobill.cloud/public_html/pay/vendor/laravel/framework/src/Illuminate/Support/helpers.php(263): Illuminate\\Database\\Eloquent\\Builder->Illuminate\\Database\\Eloquent\\{closure}()
#13 /home/u333122526/domains/frobill.cloud/public_html/pay/vendor/laravel/framework/src/Illuminate/Database/Eloquent/Builder.php(895): tap()
#14 /home/u333122526/domains/frobill.cloud/public_html/pay/vendor/laravel/framework/src/Illuminate/Support/Traits/ForwardsCalls.php(23): Illuminate\\Database\\Eloquent\\Builder->create()
#15 /home/u333122526/domains/frobill.cloud/public_html/pay/vendor/laravel/framework/src/Illuminate/Database/Eloquent/Model.php(2132): Illuminate\\Database\\Eloquent\\Model->forwardCallTo()
#16 /home/u333122526/domains/frobill.cloud/public_html/pay/vendor/laravel/framework/src/Illuminate/Database/Eloquent/Model.php(2144): Illuminate\\Database\\Eloquent\\Model->__call()
#17 /home/u333122526/domains/frobill.cloud/public_html/pay/app/Http/Controllers/Ctradmin.php(420): Illuminate\\Database\\Eloquent\\Model::__callStatic()
#18 /home/u333122526/domains/frobill.cloud/public_html/pay/vendor/laravel/framework/src/Illuminate/Routing/Controller.php(54): App\\Http\\Controllers\\Ctradmin->approve_url()
#19 /home/u333122526/domains/frobill.cloud/public_html/pay/vendor/laravel/framework/src/Illuminate/Routing/ControllerDispatcher.php(45): Illuminate\\Routing\\Controller->callAction()
#20 /home/u333122526/domains/frobill.cloud/public_html/pay/vendor/laravel/framework/src/Illuminate/Routing/Route.php(262): Illuminate\\Routing\\ControllerDispatcher->dispatch()
#21 /home/u333122526/domains/frobill.cloud/public_html/pay/vendor/laravel/framework/src/Illuminate/Routing/Route.php(205): Illuminate\\Routing\\Route->runController()
#22 /home/u333122526/domains/frobill.cloud/public_html/pay/vendor/laravel/framework/src/Illuminate/Routing/Router.php(721): Illuminate\\Routing\\Route->run()
#23 /home/u333122526/domains/frobill.cloud/public_html/pay/vendor/laravel/framework/src/Illuminate/Pipeline/Pipeline.php(128): Illuminate\\Routing\\Router->Illuminate\\Routing\\{closure}()
#24 /home/u333122526/domains/frobill.cloud/public_html/pay/vendor/laravel/framework/src/Illuminate/Routing/Middleware/SubstituteBindings.php(50): Illuminate\\Pipeline\\Pipeline->Illuminate\\Pipeline\\{closure}()
#25 /home/u333122526/domains/frobill.cloud/public_html/pay/vendor/laravel/framework/src/Illuminate/Pipeline/Pipeline.php(167): Illuminate\\Routing\\Middleware\\SubstituteBindings->handle()
#26 /home/u333122526/domains/frobill.cloud/public_html/pay/vendor/laravel/framework/src/Illuminate/Foundation/Http/Middleware/VerifyCsrfToken.php(78): Illuminate\\Pipeline\\Pipeline->Illuminate\\Pipeline\\{closure}()
#27 /home/u333122526/domains/frobill.cloud/public_html/pay/vendor/laravel/framework/src/Illuminate/Pipeline/Pipeline.php(167): Illuminate\\Foundation\\Http\\Middleware\\VerifyCsrfToken->handle()
#28 /home/u333122526/domains/frobill.cloud/public_html/pay/vendor/laravel/framework/src/Illuminate/View/Middleware/ShareErrorsFromSession.php(49): Illuminate\\Pipeline\\Pipeline->Illuminate\\Pipeline\\{closure}()
#29 /home/u333122526/domains/frobill.cloud/public_html/pay/vendor/laravel/framework/src/Illuminate/Pipeline/Pipeline.php(167): Illuminate\\View\\Middleware\\ShareErrorsFromSession->handle()
#30 /home/u333122526/domains/frobill.cloud/public_html/pay/vendor/laravel/framework/src/Illuminate/Session/Middleware/StartSession.php(121): Illuminate\\Pipeline\\Pipeline->Illuminate\\Pipeline\\{closure}()
#31 /home/u333122526/domains/frobill.cloud/public_html/pay/vendor/laravel/framework/src/Illuminate/Session/Middleware/StartSession.php(64): Illuminate\\Session\\Middleware\\StartSession->handleStatefulRequest()
#32 /home/u333122526/domains/frobill.cloud/public_html/pay/vendor/laravel/framework/src/Illuminate/Pipeline/Pipeline.php(167): Illuminate\\Session\\Middleware\\StartSession->handle()
#33 /home/u333122526/domains/frobill.cloud/public_html/pay/vendor/laravel/framework/src/Illuminate/Cookie/Middleware/AddQueuedCookiesToResponse.php(37): Illuminate\\Pipeline\\Pipeline->Illuminate\\Pipeline\\{closure}()
#34 /home/u333122526/domains/frobill.cloud/public_html/pay/vendor/laravel/framework/src/Illuminate/Pipeline/Pipeline.php(167): Illuminate\\Cookie\\Middleware\\AddQueuedCookiesToResponse->handle()
#35 /home/u333122526/domains/frobill.cloud/public_html/pay/vendor/laravel/framework/src/Illuminate/Cookie/Middleware/EncryptCookies.php(67): Illuminate\\Pipeline\\Pipeline->Illuminate\\Pipeline\\{closure}()
#36 /home/u333122526/domains/frobill.cloud/public_html/pay/vendor/laravel/framework/src/Illuminate/Pipeline/Pipeline.php(167): Illuminate\\Cookie\\Middleware\\EncryptCookies->handle()
#37 /home/u333122526/domains/frobill.cloud/public_html/pay/vendor/laravel/framework/src/Illuminate/Pipeline/Pipeline.php(103): Illuminate\\Pipeline\\Pipeline->Illuminate\\Pipeline\\{closure}()
#38 /home/u333122526/domains/frobill.cloud/public_html/pay/vendor/laravel/framework/src/Illuminate/Routing/Router.php(723): Illuminate\\Pipeline\\Pipeline->then()
#39 /home/u333122526/domains/frobill.cloud/public_html/pay/vendor/laravel/framework/src/Illuminate/Routing/Router.php(698): Illuminate\\Routing\\Router->runRouteWithinStack()
#40 /home/u333122526/domains/frobill.cloud/public_html/pay/vendor/laravel/framework/src/Illuminate/Routing/Router.php(662): Illuminate\\Routing\\Router->runRoute()
#41 /home/u333122526/domains/frobill.cloud/public_html/pay/vendor/laravel/framework/src/Illuminate/Routing/Router.php(651): Illuminate\\Routing\\Router->dispatchToRoute()
#42 /home/u333122526/domains/frobill.cloud/public_html/pay/vendor/laravel/framework/src/Illuminate/Foundation/Http/Kernel.php(167): Illuminate\\Routing\\Router->dispatch()
#43 /home/u333122526/domains/frobill.cloud/public_html/pay/vendor/laravel/framework/src/Illuminate/Pipeline/Pipeline.php(128): Illuminate\\Foundation\\Http\\Kernel->Illuminate\\Foundation\\Http\\{closure}()
#44 /home/u333122526/domains/frobill.cloud/public_html/pay/vendor/laravel/framework/src/Illuminate/Foundation/Http/Middleware/TransformsRequest.php(21): Illuminate\\Pipeline\\Pipeline->Illuminate\\Pipeline\\{closure}()
#45 /home/u333122526/domains/frobill.cloud/public_html/pay/vendor/laravel/framework/src/Illuminate/Foundation/Http/Middleware/ConvertEmptyStringsToNull.php(31): Illuminate\\Foundation\\Http\\Middleware\\TransformsRequest->handle()
#46 /home/u333122526/domains/frobill.cloud/public_html/pay/vendor/laravel/framework/src/Illuminate/Pipeline/Pipeline.php(167): Illuminate\\Foundation\\Http\\Middleware\\ConvertEmptyStringsToNull->handle()
#47 /home/u333122526/domains/frobill.cloud/public_html/pay/vendor/laravel/framework/src/Illuminate/Foundation/Http/Middleware/TransformsRequest.php(21): Illuminate\\Pipeline\\Pipeline->Illuminate\\Pipeline\\{closure}()
#48 /home/u333122526/domains/frobill.cloud/public_html/pay/vendor/laravel/framework/src/Illuminate/Foundation/Http/Middleware/TrimStrings.php(40): Illuminate\\Foundation\\Http\\Middleware\\TransformsRequest->handle()
#49 /home/u333122526/domains/frobill.cloud/public_html/pay/vendor/laravel/framework/src/Illuminate/Pipeline/Pipeline.php(167): Illuminate\\Foundation\\Http\\Middleware\\TrimStrings->handle()
#50 /home/u333122526/domains/frobill.cloud/public_html/pay/vendor/laravel/framework/src/Illuminate/Foundation/Http/Middleware/ValidatePostSize.php(27): Illuminate\\Pipeline\\Pipeline->Illuminate\\Pipeline\\{closure}()
#51 /home/u333122526/domains/frobill.cloud/public_html/pay/vendor/laravel/framework/src/Illuminate/Pipeline/Pipeline.php(167): Illuminate\\Foundation\\Http\\Middleware\\ValidatePostSize->handle()
#52 /home/u333122526/domains/frobill.cloud/public_html/pay/vendor/laravel/framework/src/Illuminate/Foundation/Http/Middleware/PreventRequestsDuringMaintenance.php(86): Illuminate\\Pipeline\\Pipeline->Illuminate\\Pipeline\\{closure}()
#53 /home/u333122526/domains/frobill.cloud/public_html/pay/vendor/laravel/framework/src/Illuminate/Pipeline/Pipeline.php(167): Illuminate\\Foundation\\Http\\Middleware\\PreventRequestsDuringMaintenance->handle()
#54 /home/u333122526/domains/frobill.cloud/public_html/pay/vendor/fruitcake/laravel-cors/src/HandleCors.php(38): Illuminate\\Pipeline\\Pipeline->Illuminate\\Pipeline\\{closure}()
#55 /home/u333122526/domains/frobill.cloud/public_html/pay/vendor/laravel/framework/src/Illuminate/Pipeline/Pipeline.php(167): Fruitcake\\Cors\\HandleCors->handle()
#56 /home/u333122526/domains/frobill.cloud/public_html/pay/vendor/laravel/framework/src/Illuminate/Http/Middleware/TrustProxies.php(39): Illuminate\\Pipeline\\Pipeline->Illuminate\\Pipeline\\{closure}()
#57 /home/u333122526/domains/frobill.cloud/public_html/pay/vendor/laravel/framework/src/Illuminate/Pipeline/Pipeline.php(167): Illuminate\\Http\\Middleware\\TrustProxies->handle()
#58 /home/u333122526/domains/frobill.cloud/public_html/pay/vendor/laravel/framework/src/Illuminate/Pipeline/Pipeline.php(103): Illuminate\\Pipeline\\Pipeline->Illuminate\\Pipeline\\{closure}()
#59 /home/u333122526/domains/frobill.cloud/public_html/pay/vendor/laravel/framework/src/Illuminate/Foundation/Http/Kernel.php(142): Illuminate\\Pipeline\\Pipeline->then()
#60 /home/u333122526/domains/frobill.cloud/public_html/pay/vendor/laravel/framework/src/Illuminate/Foundation/Http/Kernel.php(111): Illuminate\\Foundation\\Http\\Kernel->sendRequestThroughRouter()
#61 /home/u333122526/domains/frobill.cloud/public_html/pay/public/index.php(52): Illuminate\\Foundation\\Http\\Kernel->handle()
#62 {main}
"} 
